Printing analysis 'count static instruction pass':
add                 526
alloca              1212
and                 204
ashr                31
bitcast             223
br                  3143
call                473
getelementptr       2806
icmp                1305
load                6989
lshr                85
mul                 37
or                  84
phi                 127
ptrtoint            52
ret                 107
sdiv                4
select              16
sext                174
shl                 108
srem                1
store               3044
sub                 272
switch              1
trunc               221
udiv                4
unreachable         42
urem                8
xor                 28
zext                840
TOTAL               22167
